{"name": "test_add_event", "status": "failed", "statusDetails": {"message": "AssertionError: assert '' == '017673f6-793...-7214c0f14f66'\n  \n  \u001b[0m\u001b[91m- 017673f6-7938-43ad-8227-7214c0f14f66\u001b[39;49;00m\u001b[90m\u001b[39;49;00m", "trace": "browser = <selenium.webdriver.chrome.webdriver.WebDriver (session=\"f3396d90277ae6f073dd1ac86acd1ee4\")>\n\n    def test_add_event(browser):\n    \n        event_name = str(uuid.uuid4())\n    \n        auth_page = AuthPage(browser)\n        auth_page.go()\n        auth_page.login()\n    \n        schedule_page = SchedulePage(browser)\n        schedule_page.go()\n        schedule_page.add_event(event_name)\n        created_event_name = schedule_page.open_event(event_name)\n    \n        sleep(4)\n    \n>       assert created_event_name == event_name\nE       AssertionError: assert '' == '017673f6-793...-7214c0f14f66'\nE         \nE         \u001b[0m\u001b[91m- 017673f6-7938-43ad-8227-7214c0f14f66\u001b[39;49;00m\u001b[90m\u001b[39;49;00m\n\ntest/test_ui.py:23: AssertionError"}, "steps": [{"name": "Добавить событие", "status": "passed", "parameters": [{"name": "name", "value": "'017673f6-7938-43ad-8227-7214c0f14f66'"}], "start": 1764622387553, "stop": 1764622390998}, {"name": "Открыть событие", "status": "passed", "parameters": [{"name": "name", "value": "'017673f6-7938-43ad-8227-7214c0f14f66'"}], "start": 1764622390999, "stop": 1764622391120}], "start": 1764622382751, "stop": 1764622395130, "uuid": "f8325d47-4456-46c1-aa91-72d47dc8a393", "historyId": "1fc30820d03048d751964d7ad0b6e70a", "testCaseId": "1fc30820d03048d751964d7ad0b6e70a", "fullName": "test.test_ui#test_add_event", "labels": [{"name": "parentSuite", "value": "test"}, {"name": "suite", "value": "test_ui"}, {"name": "host", "value": "MacBook-Air-Enze.local"}, {"name": "thread", "value": "66418-MainThread"}, {"name": "framework", "value": "pytest"}, {"name": "language", "value": "cpython3"}, {"name": "package", "value": "test.test_ui"}], "titlePath": ["test", "test_ui.py"]}