{"name": "test_add_event", "status": "failed", "statusDetails": {"message": "AssertionError: assert '' == '0e9242ec-981...-c7449edc2f64'\n  \n  \u001b[0m\u001b[91m- 0e9242ec-9818-45a7-8b94-c7449edc2f64\u001b[39;49;00m\u001b[90m\u001b[39;49;00m", "trace": "browser = <selenium.webdriver.chrome.webdriver.WebDriver (session=\"c3e9119b9514a3a1881a314a47478991\")>\n\n    def test_add_event(browser):\n    \n        event_name = str(uuid.uuid4())\n    \n        auth_page = AuthPage(browser)\n        auth_page.go()\n        auth_page.login()\n    \n        schedule_page = SchedulePage(browser)\n        schedule_page.go()\n        schedule_page.add_event(event_name)\n        created_event_name = schedule_page.open_event(event_name)\n    \n>       assert created_event_name == event_name\nE       AssertionError: assert '' == '0e9242ec-981...-c7449edc2f64'\nE         \nE         \u001b[0m\u001b[91m- 0e9242ec-9818-45a7-8b94-c7449edc2f64\u001b[39;49;00m\u001b[90m\u001b[39;49;00m\n\ntest/test_ui.py:21: AssertionError"}, "steps": [{"name": "Добавить событие", "status": "passed", "parameters": [{"name": "name", "value": "'0e9242ec-9818-45a7-8b94-c7449edc2f64'"}], "start": 1764621231666, "stop": 1764621232210}, {"name": "Открыть событие", "status": "passed", "parameters": [{"name": "name", "value": "'0e9242ec-9818-45a7-8b94-c7449edc2f64'"}], "start": 1764621232210, "stop": 1764621232831}], "start": 1764621226007, "stop": 1764621232833, "uuid": "49808f87-7500-48b4-a44f-1c466f5faebc", "historyId": "1fc30820d03048d751964d7ad0b6e70a", "testCaseId": "1fc30820d03048d751964d7ad0b6e70a", "fullName": "test.test_ui#test_add_event", "labels": [{"name": "parentSuite", "value": "test"}, {"name": "suite", "value": "test_ui"}, {"name": "host", "value": "MacBook-Air-Enze.local"}, {"name": "thread", "value": "64189-MainThread"}, {"name": "framework", "value": "pytest"}, {"name": "language", "value": "cpython3"}, {"name": "package", "value": "test.test_ui"}], "titlePath": ["test", "test_ui.py"]}