{"name": "test_add_event", "status": "failed", "statusDetails": {"message": "AssertionError: assert '' == '812c1fbc-782...-9cd72a9b3789'\n  \n  \u001b[0m\u001b[91m- 812c1fbc-782a-415f-b396-9cd72a9b3789\u001b[39;49;00m\u001b[90m\u001b[39;49;00m", "trace": "browser = <selenium.webdriver.chrome.webdriver.WebDriver (session=\"5bd076181e95389ee552d7e4c9394c76\")>\n\n    def test_add_event(browser):\n    \n        event_name = str(uuid.uuid4())\n    \n        auth_page = AuthPage(browser)\n        auth_page.go()\n        auth_page.login()\n    \n        schedule_page = SchedulePage(browser)\n        schedule_page.go()\n        schedule_page.add_event(event_name)\n        created_event_name = schedule_page.open_event(event_name)\n    \n>       assert created_event_name == event_name\nE       AssertionError: assert '' == '812c1fbc-782...-9cd72a9b3789'\nE         \nE         \u001b[0m\u001b[91m- 812c1fbc-782a-415f-b396-9cd72a9b3789\u001b[39;49;00m\u001b[90m\u001b[39;49;00m\n\ntest/test_ui.py:21: AssertionError"}, "steps": [{"name": "Добавить событие", "status": "passed", "parameters": [{"name": "name", "value": "'812c1fbc-782a-415f-b396-9cd72a9b3789'"}], "start": 1764620597938, "stop": 1764620598349}, {"name": "Открыть событие", "status": "passed", "parameters": [{"name": "name", "value": "'812c1fbc-782a-415f-b396-9cd72a9b3789'"}], "start": 1764620598349, "stop": 1764620599123}], "start": 1764620589580, "stop": 1764620599125, "uuid": "9cc6c052-9eea-4e55-acaa-27ddcdc546c9", "historyId": "1fc30820d03048d751964d7ad0b6e70a", "testCaseId": "1fc30820d03048d751964d7ad0b6e70a", "fullName": "test.test_ui#test_add_event", "labels": [{"name": "parentSuite", "value": "test"}, {"name": "suite", "value": "test_ui"}, {"name": "host", "value": "MacBook-Air-Enze.local"}, {"name": "thread", "value": "63365-MainThread"}, {"name": "framework", "value": "pytest"}, {"name": "language", "value": "cpython3"}, {"name": "package", "value": "test.test_ui"}], "titlePath": ["test", "test_ui.py"]}