{"name": "test_add_event", "status": "failed", "statusDetails": {"message": "AssertionError: assert '' == '8c7ab947-c55...-1948f4edfa1c'\n  \n  \u001b[0m\u001b[91m- 8c7ab947-c554-4b4b-9399-1948f4edfa1c\u001b[39;49;00m\u001b[90m\u001b[39;49;00m", "trace": "browser = <selenium.webdriver.chrome.webdriver.WebDriver (session=\"90fc3bd2e383bbe6a0cfb90191fcd472\")>\n\n    def test_add_event(browser):\n    \n        event_name = str(uuid.uuid4())\n    \n        auth_page = AuthPage(browser)\n        auth_page.go()\n        auth_page.login()\n    \n        schedule_page = SchedulePage(browser)\n        schedule_page.go()\n        schedule_page.add_event(event_name)\n        created_event_name = schedule_page.open_event(event_name)\n    \n>       assert created_event_name == event_name\nE       AssertionError: assert '' == '8c7ab947-c55...-1948f4edfa1c'\nE         \nE         \u001b[0m\u001b[91m- 8c7ab947-c554-4b4b-9399-1948f4edfa1c\u001b[39;49;00m\u001b[90m\u001b[39;49;00m\n\ntest/test_ui.py:21: AssertionError"}, "steps": [{"name": "Добавить событие", "status": "passed", "parameters": [{"name": "name", "value": "'8c7ab947-c554-4b4b-9399-1948f4edfa1c'"}], "start": 1764621646546, "stop": 1764621649935}, {"name": "Открыть событие", "status": "passed", "parameters": [{"name": "name", "value": "'8c7ab947-c554-4b4b-9399-1948f4edfa1c'"}], "start": 1764621649936, "stop": 1764621650066}], "start": 1764621641567, "stop": 1764621650068, "uuid": "20f1a47f-3a58-443d-93b8-e59d742576f1", "historyId": "1fc30820d03048d751964d7ad0b6e70a", "testCaseId": "1fc30820d03048d751964d7ad0b6e70a", "fullName": "test.test_ui#test_add_event", "labels": [{"name": "parentSuite", "value": "test"}, {"name": "suite", "value": "test_ui"}, {"name": "host", "value": "MacBook-Air-Enze.local"}, {"name": "thread", "value": "64836-MainThread"}, {"name": "framework", "value": "pytest"}, {"name": "language", "value": "cpython3"}, {"name": "package", "value": "test.test_ui"}], "titlePath": ["test", "test_ui.py"]}