{"name": "test_add_event", "status": "failed", "statusDetails": {"message": "AssertionError: assert '' == '09743826-4ef...-931720441718'\n  \n  \u001b[0m\u001b[91m- 09743826-4ef4-4358-9a3c-931720441718\u001b[39;49;00m\u001b[90m\u001b[39;49;00m", "trace": "browser = <selenium.webdriver.chrome.webdriver.WebDriver (session=\"d3273dadca53abfe6fad3cdfb20b6e12\")>\n\n    def test_add_event(browser):\n    \n        event_name = str(uuid.uuid4())\n    \n        auth_page = AuthPage(browser)\n        auth_page.go()\n        auth_page.login()\n    \n        schedule_page = SchedulePage(browser)\n        schedule_page.go()\n        schedule_page.add_event(event_name)\n        created_event_name = schedule_page.open_event(event_name)\n    \n        sleep(4)\n    \n>       assert created_event_name == event_name\nE       AssertionError: assert '' == '09743826-4ef...-931720441718'\nE         \nE         \u001b[0m\u001b[91m- 09743826-4ef4-4358-9a3c-931720441718\u001b[39;49;00m\u001b[90m\u001b[39;49;00m\n\ntest/test_ui.py:23: AssertionError"}, "steps": [{"name": "Добавить событие", "status": "passed", "parameters": [{"name": "name", "value": "'09743826-4ef4-4358-9a3c-931720441718'"}], "start": 1764622177140, "stop": 1764622180520}, {"name": "Открыть событие", "status": "passed", "parameters": [{"name": "name", "value": "'09743826-4ef4-4358-9a3c-931720441718'"}], "start": 1764622180521, "stop": 1764622180640}], "start": 1764622172701, "stop": 1764622184646, "uuid": "9fca5588-6f71-4cbe-94df-2740a3e1781c", "historyId": "1fc30820d03048d751964d7ad0b6e70a", "testCaseId": "1fc30820d03048d751964d7ad0b6e70a", "fullName": "test.test_ui#test_add_event", "labels": [{"name": "parentSuite", "value": "test"}, {"name": "suite", "value": "test_ui"}, {"name": "host", "value": "MacBook-Air-Enze.local"}, {"name": "thread", "value": "66199-MainThread"}, {"name": "framework", "value": "pytest"}, {"name": "language", "value": "cpython3"}, {"name": "package", "value": "test.test_ui"}], "titlePath": ["test", "test_ui.py"]}