{"name": "test_add_event", "status": "broken", "statusDetails": {"message": "selenium.common.exceptions.ElementNotInteractableException: Message: element not interactable\n  (Session info: chrome=142.0.7444.176); For documentation on this error, please visit: https://www.selenium.dev/documentation/webdriver/troubleshooting/errors#elementnotinteractableexception\nStacktrace:\n0   chromedriver                        0x00000001050b6ecc cxxbridge1$str$ptr + 2941512\n1   chromedriver                        0x00000001050aeb88 cxxbridge1$str$ptr + 2907908\n2   chromedriver                        0x0000000104bc6114 _RNvCsgXDX2mvAJAg_7___rustc35___rust_no_alloc_shim_is_unstable_v2 + 73608\n3   chromedriver                        0x0000000104c0e8a8 _RNvCsgXDX2mvAJAg_7___rustc35___rust_no_alloc_shim_is_unstable_v2 + 370460\n4   chromedriver                        0x0000000104c03a78 _RNvCsgXDX2mvAJAg_7___rustc35___rust_no_alloc_shim_is_unstable_v2 + 325868\n5   chromedriver                        0x0000000104c03504 _RNvCsgXDX2mvAJAg_7___rustc35___rust_no_alloc_shim_is_unstable_v2 + 324472\n6   chromedriver                        0x0000000104c4ed54 _RNvCsgXDX2mvAJAg_7___rustc35___rust_no_alloc_shim_is_unstable_v2 + 633800\n7   chromedriver                        0x0000000104c01ef0 _RNvCsgXDX2mvAJAg_7___rustc35___rust_no_alloc_shim_is_unstable_v2 + 318820\n8   chromedriver                        0x000000010507a0c8 cxxbridge1$str$ptr + 2692164\n9   chromedriver                        0x000000010507d8dc cxxbridge1$str$ptr + 2706520\n10  chromedriver                        0x000000010505a84c cxxbridge1$str$ptr + 2563016\n11  chromedriver                        0x000000010507e1b4 cxxbridge1$str$ptr + 2708784\n12  chromedriver                        0x000000010504c0f4 cxxbridge1$str$ptr + 2503792\n13  chromedriver                        0x000000010509d498 cxxbridge1$str$ptr + 2836500\n14  chromedriver                        0x000000010509d61c cxxbridge1$str$ptr + 2836888\n15  chromedriver                        0x00000001050ae7d8 cxxbridge1$str$ptr + 2906964\n16  libsystem_pthread.dylib             0x000000018c6faf94 _pthread_start + 136\n17  libsystem_pthread.dylib             0x000000018c6f5d34 thread_start + 8", "trace": "browser = <selenium.webdriver.chrome.webdriver.WebDriver (session=\"e1cebac742b23685681bab77264840da\")>\n\n    def test_add_event(browser):\n    \n        event_name = str(uuid.uuid4())\n    \n        auth_page = AuthPage(browser)\n        auth_page.go()\n        auth_page.login()\n    \n        schedule_page = SchedulePage(browser)\n        schedule_page.go()\n        schedule_page.add_event(event_name)\n>       created_event_name = schedule_page.open_event(event_name)\n                             ^^^^^^^^^^^^^^^^^^^^^^^^^^^^^^^^^^^^\n\ntest/test_ui.py:19: \n_ _ _ _ _ _ _ _ _ _ _ _ _ _ _ _ _ _ _ _ _ _ _ _ _ _ _ _ _ _ _ _ _ _ _ _ _ _ _ _ _ _ _ _ _ _ _ _ _ _ _ _ _ _ _ _ _ _ _ _ _ _ _ _ _ _ _ _ _ _ _ _ _ _ _ _ _ _ _ _ _ _ _ _ _ _ _ _ _ _ _ _ _ _ _ _ _ _ _ _ _ _ _ _ _ \npage/SchedulePage.py:34: in open_event\n    self.__driver.find_element(By.XPATH, f\"//*[contains(text(), '{name}')]\").click()\n/Library/Frameworks/Python.framework/Versions/3.13/lib/python3.13/site-packages/selenium/webdriver/remote/webelement.py:119: in click\n    self._execute(Command.CLICK_ELEMENT)\n/Library/Frameworks/Python.framework/Versions/3.13/lib/python3.13/site-packages/selenium/webdriver/remote/webelement.py:572: in _execute\n    return self._parent.execute(command, params)\n           ^^^^^^^^^^^^^^^^^^^^^^^^^^^^^^^^^^^^^\n/Library/Frameworks/Python.framework/Versions/3.13/lib/python3.13/site-packages/selenium/webdriver/remote/webdriver.py:458: in execute\n    self.error_handler.check_response(response)\n_ _ _ _ _ _ _ _ _ _ _ _ _ _ _ _ _ _ _ _ _ _ _ _ _ _ _ _ _ _ _ _ _ _ _ _ _ _ _ _ _ _ _ _ _ _ _ _ _ _ _ _ _ _ _ _ _ _ _ _ _ _ _ _ _ _ _ _ _ _ _ _ _ _ _ _ _ _ _ _ _ _ _ _ _ _ _ _ _ _ _ _ _ _ _ _ _ _ _ _ _ _ _ _ _ \n\nself = <selenium.webdriver.remote.errorhandler.ErrorHandler object at 0x107048440>\nresponse = {'status': 400, 'value': '{\"value\":{\"error\":\"element not interactable\",\"message\":\"element not interactable\\\\n  (Sessio...00018c6faf94 _pthread_start + 136\\\\n17  libsystem_pthread.dylib             0x000000018c6f5d34 thread_start + 8\\\\n\"}}'}\n\n    def check_response(self, response: dict[str, Any]) -> None:\n        \"\"\"Checks that a JSON response from the WebDriver does not have an\n        error.\n    \n        Args:\n            response: The JSON response from the WebDriver server as a dictionary\n                object.\n    \n        Raises:\n            WebDriverException: If the response contains an error message.\n        \"\"\"\n        status = response.get(\"status\", None)\n        if not status or status == ErrorCode.SUCCESS:\n            return\n        value = None\n        message = response.get(\"message\", \"\")\n        screen: str = response.get(\"screen\", \"\")\n        stacktrace = None\n        if isinstance(status, int):\n            value_json = response.get(\"value\", None)\n            if value_json and isinstance(value_json, str):\n                try:\n                    value = json.loads(value_json)\n                    if isinstance(value, dict):\n                        if len(value) == 1:\n                            value = value[\"value\"]\n                        status = value.get(\"error\", None)\n                        if not status:\n                            status = value.get(\"status\", ErrorCode.UNKNOWN_ERROR)\n                            message = value.get(\"value\") or value.get(\"message\")\n                            if not isinstance(message, str):\n                                value = message\n                                message = message.get(\"message\") if isinstance(message, dict) else None\n                        else:\n                            message = value.get(\"message\", None)\n                except ValueError:\n                    pass\n    \n        exception_class: type[WebDriverException]\n        e = ErrorCode()\n        error_codes = [item for item in dir(e) if not item.startswith(\"__\")]\n        for error_code in error_codes:\n            error_info = getattr(ErrorCode, error_code)\n            if isinstance(error_info, list) and status in error_info:\n                exception_class = getattr(ExceptionMapping, error_code, WebDriverException)\n                break\n        else:\n            exception_class = WebDriverException\n    \n        if not value:\n            value = response[\"value\"]\n        if isinstance(value, str):\n            raise exception_class(value)\n        if message == \"\" and \"message\" in value:\n            message = value[\"message\"]\n    \n        screen = None  # type: ignore[assignment]\n        if \"screen\" in value:\n            screen = value[\"screen\"]\n    \n        stacktrace = None\n        st_value = value.get(\"stackTrace\") or value.get(\"stacktrace\")\n        if st_value:\n            if isinstance(st_value, str):\n                stacktrace = st_value.split(\"\\n\")\n            else:\n                stacktrace = []\n                try:\n                    for frame in st_value:\n                        line = frame.get(\"lineNumber\", \"\")\n                        file = frame.get(\"fileName\", \"<anonymous>\")\n                        if line:\n                            file = f\"{file}:{line}\"\n                        meth = frame.get(\"methodName\", \"<anonymous>\")\n                        if \"className\" in frame:\n                            meth = f\"{frame['className']}.{meth}\"\n                        msg = \"    at %s (%s)\"\n                        msg = msg % (meth, file)\n                        stacktrace.append(msg)\n                except TypeError:\n                    pass\n        if exception_class == UnexpectedAlertPresentException:\n            alert_text = None\n            if \"data\" in value:\n                alert_text = value[\"data\"].get(\"text\")\n            elif \"alert\" in value:\n                alert_text = value[\"alert\"].get(\"text\")\n            raise exception_class(message, screen, stacktrace, alert_text)  # type: ignore[call-arg]  # mypy is not smart enough here\n>       raise exception_class(message, screen, stacktrace)\nE       selenium.common.exceptions.ElementNotInteractableException: Message: element not interactable\nE         (Session info: chrome=142.0.7444.176); For documentation on this error, please visit: https://www.selenium.dev/documentation/webdriver/troubleshooting/errors#elementnotinteractableexception\nE       Stacktrace:\nE       0   chromedriver                        0x00000001050b6ecc cxxbridge1$str$ptr + 2941512\nE       1   chromedriver                        0x00000001050aeb88 cxxbridge1$str$ptr + 2907908\nE       2   chromedriver                        0x0000000104bc6114 _RNvCsgXDX2mvAJAg_7___rustc35___rust_no_alloc_shim_is_unstable_v2 + 73608\nE       3   chromedriver                        0x0000000104c0e8a8 _RNvCsgXDX2mvAJAg_7___rustc35___rust_no_alloc_shim_is_unstable_v2 + 370460\nE       4   chromedriver                        0x0000000104c03a78 _RNvCsgXDX2mvAJAg_7___rustc35___rust_no_alloc_shim_is_unstable_v2 + 325868\nE       5   chromedriver                        0x0000000104c03504 _RNvCsgXDX2mvAJAg_7___rustc35___rust_no_alloc_shim_is_unstable_v2 + 324472\nE       6   chromedriver                        0x0000000104c4ed54 _RNvCsgXDX2mvAJAg_7___rustc35___rust_no_alloc_shim_is_unstable_v2 + 633800\nE       7   chromedriver                        0x0000000104c01ef0 _RNvCsgXDX2mvAJAg_7___rustc35___rust_no_alloc_shim_is_unstable_v2 + 318820\nE       8   chromedriver                        0x000000010507a0c8 cxxbridge1$str$ptr + 2692164\nE       9   chromedriver                        0x000000010507d8dc cxxbridge1$str$ptr + 2706520\nE       10  chromedriver                        0x000000010505a84c cxxbridge1$str$ptr + 2563016\nE       11  chromedriver                        0x000000010507e1b4 cxxbridge1$str$ptr + 2708784\nE       12  chromedriver                        0x000000010504c0f4 cxxbridge1$str$ptr + 2503792\nE       13  chromedriver                        0x000000010509d498 cxxbridge1$str$ptr + 2836500\nE       14  chromedriver                        0x000000010509d61c cxxbridge1$str$ptr + 2836888\nE       15  chromedriver                        0x00000001050ae7d8 cxxbridge1$str$ptr + 2906964\nE       16  libsystem_pthread.dylib             0x000000018c6faf94 _pthread_start + 136\nE       17  libsystem_pthread.dylib             0x000000018c6f5d34 thread_start + 8\n\n/Library/Frameworks/Python.framework/Versions/3.13/lib/python3.13/site-packages/selenium/webdriver/remote/errorhandler.py:233: ElementNotInteractableException"}, "steps": [{"name": "Добавить событие", "status": "passed", "parameters": [{"name": "name", "value": "'d954a552-7935-48e0-bd19-a716fb37ba1f'"}], "start": 1764622027228, "stop": 1764622030553}, {"name": "Открыть событие", "status": "broken", "statusDetails": {"message": "selenium.common.exceptions.ElementNotInteractableException: Message: element not interactable\n  (Session info: chrome=142.0.7444.176); For documentation on this error, please visit: https://www.selenium.dev/documentation/webdriver/troubleshooting/errors#elementnotinteractableexception\nStacktrace:\n0   chromedriver                        0x00000001050b6ecc cxxbridge1$str$ptr + 2941512\n1   chromedriver                        0x00000001050aeb88 cxxbridge1$str$ptr + 2907908\n2   chromedriver                        0x0000000104bc6114 _RNvCsgXDX2mvAJAg_7___rustc35___rust_no_alloc_shim_is_unstable_v2 + 73608\n3   chromedriver                        0x0000000104c0e8a8 _RNvCsgXDX2mvAJAg_7___rustc35___rust_no_alloc_shim_is_unstable_v2 + 370460\n4   chromedriver                        0x0000000104c03a78 _RNvCsgXDX2mvAJAg_7___rustc35___rust_no_alloc_shim_is_unstable_v2 + 325868\n5   chromedriver                        0x0000000104c03504 _RNvCsgXDX2mvAJAg_7___rustc35___rust_no_alloc_shim_is_unstable_v2 + 324472\n6   chromedriver                        0x0000000104c4ed54 _RNvCsgXDX2mvAJAg_7___rustc35___rust_no_alloc_shim_is_unstable_v2 + 633800\n7   chromedriver                        0x0000000104c01ef0 _RNvCsgXDX2mvAJAg_7___rustc35___rust_no_alloc_shim_is_unstable_v2 + 318820\n8   chromedriver                        0x000000010507a0c8 cxxbridge1$str$ptr + 2692164\n9   chromedriver                        0x000000010507d8dc cxxbridge1$str$ptr + 2706520\n10  chromedriver                        0x000000010505a84c cxxbridge1$str$ptr + 2563016\n11  chromedriver                        0x000000010507e1b4 cxxbridge1$str$ptr + 2708784\n12  chromedriver                        0x000000010504c0f4 cxxbridge1$str$ptr + 2503792\n13  chromedriver                        0x000000010509d498 cxxbridge1$str$ptr + 2836500\n14  chromedriver                        0x000000010509d61c cxxbridge1$str$ptr + 2836888\n15  chromedriver                        0x00000001050ae7d8 cxxbridge1$str$ptr + 2906964\n16  libsystem_pthread.dylib             0x000000018c6faf94 _pthread_start + 136\n17  libsystem_pthread.dylib             0x000000018c6f5d34 thread_start + 8\n\n", "trace": "  File \"/Library/Frameworks/Python.framework/Versions/3.13/lib/python3.13/site-packages/allure_commons/_allure.py\", line 202, in impl\n    return func(*a, **kw)\n  File \"/Users/enje/SkyPro/final_project/page/SchedulePage.py\", line 34, in open_event\n    self.__driver.find_element(By.XPATH, f\"//*[contains(text(), '{name}')]\").click()\n    ~~~~~~~~~~~~~~~~~~~~~~~~~~~~~~~~~~~~~~~~~~~~~~~~~~~~~~~~~~~~~~~~~~~~~~~~~~~~~~^^\n  File \"/Library/Frameworks/Python.framework/Versions/3.13/lib/python3.13/site-packages/selenium/webdriver/remote/webelement.py\", line 119, in click\n    self._execute(Command.CLICK_ELEMENT)\n    ~~~~~~~~~~~~~^^^^^^^^^^^^^^^^^^^^^^^\n  File \"/Library/Frameworks/Python.framework/Versions/3.13/lib/python3.13/site-packages/selenium/webdriver/remote/webelement.py\", line 572, in _execute\n    return self._parent.execute(command, params)\n           ~~~~~~~~~~~~~~~~~~~~^^^^^^^^^^^^^^^^^\n  File \"/Library/Frameworks/Python.framework/Versions/3.13/lib/python3.13/site-packages/selenium/webdriver/remote/webdriver.py\", line 458, in execute\n    self.error_handler.check_response(response)\n    ~~~~~~~~~~~~~~~~~~~~~~~~~~~~~~~~~^^^^^^^^^^\n  File \"/Library/Frameworks/Python.framework/Versions/3.13/lib/python3.13/site-packages/selenium/webdriver/remote/errorhandler.py\", line 233, in check_response\n    raise exception_class(message, screen, stacktrace)\n"}, "parameters": [{"name": "name", "value": "'d954a552-7935-48e0-bd19-a716fb37ba1f'"}], "start": 1764622030554, "stop": 1764622034636}], "start": 1764622022231, "stop": 1764622034643, "uuid": "d6742286-6c9e-4d18-8749-2cd2295a40e7", "historyId": "1fc30820d03048d751964d7ad0b6e70a", "testCaseId": "1fc30820d03048d751964d7ad0b6e70a", "fullName": "test.test_ui#test_add_event", "labels": [{"name": "parentSuite", "value": "test"}, {"name": "suite", "value": "test_ui"}, {"name": "host", "value": "MacBook-Air-Enze.local"}, {"name": "thread", "value": "65621-MainThread"}, {"name": "framework", "value": "pytest"}, {"name": "language", "value": "cpython3"}, {"name": "package", "value": "test.test_ui"}], "titlePath": ["test", "test_ui.py"]}