{"name": "test_update_event", "status": "broken", "statusDetails": {"message": "selenium.common.exceptions.ElementClickInterceptedException: Message: element click intercepted: Element <div _ngcontent-c34=\"\" class=\"long-view__title\">...</div> is not clickable at point (884, 143). Other element would receive the click: <div _ngcontent-c60=\"\" class=\"root -type-positive\" style=\"--ds-notification-backgroundColor: var(--ds-notification-positive-backgroundColor, var(--ds-notification-positive-backgroundColor-default));\">...</div>\n  (Session info: chrome=142.0.7444.176); For documentation on this error, please visit: https://www.selenium.dev/documentation/webdriver/troubleshooting/errors#elementclickinterceptedexception\nStacktrace:\n0   chromedriver                        0x0000000103146ecc cxxbridge1$str$ptr + 2941512\n1   chromedriver                        0x000000010313eb88 cxxbridge1$str$ptr + 2907908\n2   chromedriver                        0x0000000102c562b0 _RNvCsgXDX2mvAJAg_7___rustc35___rust_no_alloc_shim_is_unstable_v2 + 74020\n3   chromedriver                        0x0000000102ca33f0 _RNvCsgXDX2mvAJAg_7___rustc35___rust_no_alloc_shim_is_unstable_v2 + 389732\n4   chromedriver                        0x0000000102ca195c _RNvCsgXDX2mvAJAg_7___rustc35___rust_no_alloc_shim_is_unstable_v2 + 382928\n5   chromedriver                        0x0000000102c9f76c _RNvCsgXDX2mvAJAg_7___rustc35___rust_no_alloc_shim_is_unstable_v2 + 374240\n6   chromedriver                        0x0000000102c9eb64 _RNvCsgXDX2mvAJAg_7___rustc35___rust_no_alloc_shim_is_unstable_v2 + 371160\n7   chromedriver                        0x0000000102c93a78 _RNvCsgXDX2mvAJAg_7___rustc35___rust_no_alloc_shim_is_unstable_v2 + 325868\n8   chromedriver                        0x0000000102c93504 _RNvCsgXDX2mvAJAg_7___rustc35___rust_no_alloc_shim_is_unstable_v2 + 324472\n9   chromedriver                        0x0000000102cded54 _RNvCsgXDX2mvAJAg_7___rustc35___rust_no_alloc_shim_is_unstable_v2 + 633800\n10  chromedriver                        0x0000000102c91ef0 _RNvCsgXDX2mvAJAg_7___rustc35___rust_no_alloc_shim_is_unstable_v2 + 318820\n11  chromedriver                        0x000000010310a0c8 cxxbridge1$str$ptr + 2692164\n12  chromedriver                        0x000000010310d8dc cxxbridge1$str$ptr + 2706520\n13  chromedriver                        0x00000001030ea84c cxxbridge1$str$ptr + 2563016\n14  chromedriver                        0x000000010310e1b4 cxxbridge1$str$ptr + 2708784\n15  chromedriver                        0x00000001030dc0f4 cxxbridge1$str$ptr + 2503792\n16  chromedriver                        0x000000010312d498 cxxbridge1$str$ptr + 2836500\n17  chromedriver                        0x000000010312d61c cxxbridge1$str$ptr + 2836888\n18  chromedriver                        0x000000010313e7d8 cxxbridge1$str$ptr + 2906964\n19  libsystem_pthread.dylib             0x000000018c6faf94 _pthread_start + 136\n20  libsystem_pthread.dylib             0x000000018c6f5d34 thread_start + 8", "trace": "browser = <selenium.webdriver.chrome.webdriver.WebDriver (session=\"d42216514f65f511ce711f7835b4dec6\")>\n\n    def test_update_event(browser):\n        old_name = str(uuid.uuid4())\n        new_name = str(uuid.uuid4())\n    \n        auth_page = AuthPage(browser)\n        auth_page.go()\n        auth_page.login()\n    \n        schedule_page = SchedulePage(browser)\n        schedule_page.go()\n    \n        schedule_page.add_event(old_name)\n    \n        schedule_page.update_event(old_name, new_name)\n    \n    \n>       updated_event_name = schedule_page.open_event(new_name)\n                             ^^^^^^^^^^^^^^^^^^^^^^^^^^^^^^^^^^\n\ntest/test_ui.py:41: \n_ _ _ _ _ _ _ _ _ _ _ _ _ _ _ _ _ _ _ _ _ _ _ _ _ _ _ _ _ _ _ _ _ _ _ _ _ _ _ _ _ _ _ _ _ _ _ _ _ _ _ _ _ _ _ _ _ _ _ _ _ _ _ _ _ _ _ _ _ _ _ _ _ _ _ _ _ _ _ _ _ _ _ _ _ _ _ _ _ _ _ _ _ _ _ _ _ _ _ _ _ _ _ _ _ \npage/SchedulePage.py:34: in open_event\n    self.__driver.find_element(By.XPATH, f\"//*[contains(text(), '{name}')]\").click()\n/Library/Frameworks/Python.framework/Versions/3.13/lib/python3.13/site-packages/selenium/webdriver/remote/webelement.py:119: in click\n    self._execute(Command.CLICK_ELEMENT)\n/Library/Frameworks/Python.framework/Versions/3.13/lib/python3.13/site-packages/selenium/webdriver/remote/webelement.py:572: in _execute\n    return self._parent.execute(command, params)\n           ^^^^^^^^^^^^^^^^^^^^^^^^^^^^^^^^^^^^^\n/Library/Frameworks/Python.framework/Versions/3.13/lib/python3.13/site-packages/selenium/webdriver/remote/webdriver.py:458: in execute\n    self.error_handler.check_response(response)\n_ _ _ _ _ _ _ _ _ _ _ _ _ _ _ _ _ _ _ _ _ _ _ _ _ _ _ _ _ _ _ _ _ _ _ _ _ _ _ _ _ _ _ _ _ _ _ _ _ _ _ _ _ _ _ _ _ _ _ _ _ _ _ _ _ _ _ _ _ _ _ _ _ _ _ _ _ _ _ _ _ _ _ _ _ _ _ _ _ _ _ _ _ _ _ _ _ _ _ _ _ _ _ _ _ \n\nself = <selenium.webdriver.remote.errorhandler.ErrorHandler object at 0x10475c550>\nresponse = {'status': 400, 'value': '{\"value\":{\"error\":\"element click intercepted\",\"message\":\"element click intercepted: Element ...00018c6faf94 _pthread_start + 136\\\\n20  libsystem_pthread.dylib             0x000000018c6f5d34 thread_start + 8\\\\n\"}}'}\n\n    def check_response(self, response: dict[str, Any]) -> None:\n        \"\"\"Checks that a JSON response from the WebDriver does not have an\n        error.\n    \n        Args:\n            response: The JSON response from the WebDriver server as a dictionary\n                object.\n    \n        Raises:\n            WebDriverException: If the response contains an error message.\n        \"\"\"\n        status = response.get(\"status\", None)\n        if not status or status == ErrorCode.SUCCESS:\n            return\n        value = None\n        message = response.get(\"message\", \"\")\n        screen: str = response.get(\"screen\", \"\")\n        stacktrace = None\n        if isinstance(status, int):\n            value_json = response.get(\"value\", None)\n            if value_json and isinstance(value_json, str):\n                try:\n                    value = json.loads(value_json)\n                    if isinstance(value, dict):\n                        if len(value) == 1:\n                            value = value[\"value\"]\n                        status = value.get(\"error\", None)\n                        if not status:\n                            status = value.get(\"status\", ErrorCode.UNKNOWN_ERROR)\n                            message = value.get(\"value\") or value.get(\"message\")\n                            if not isinstance(message, str):\n                                value = message\n                                message = message.get(\"message\") if isinstance(message, dict) else None\n                        else:\n                            message = value.get(\"message\", None)\n                except ValueError:\n                    pass\n    \n        exception_class: type[WebDriverException]\n        e = ErrorCode()\n        error_codes = [item for item in dir(e) if not item.startswith(\"__\")]\n        for error_code in error_codes:\n            error_info = getattr(ErrorCode, error_code)\n            if isinstance(error_info, list) and status in error_info:\n                exception_class = getattr(ExceptionMapping, error_code, WebDriverException)\n                break\n        else:\n            exception_class = WebDriverException\n    \n        if not value:\n            value = response[\"value\"]\n        if isinstance(value, str):\n            raise exception_class(value)\n        if message == \"\" and \"message\" in value:\n            message = value[\"message\"]\n    \n        screen = None  # type: ignore[assignment]\n        if \"screen\" in value:\n            screen = value[\"screen\"]\n    \n        stacktrace = None\n        st_value = value.get(\"stackTrace\") or value.get(\"stacktrace\")\n        if st_value:\n            if isinstance(st_value, str):\n                stacktrace = st_value.split(\"\\n\")\n            else:\n                stacktrace = []\n                try:\n                    for frame in st_value:\n                        line = frame.get(\"lineNumber\", \"\")\n                        file = frame.get(\"fileName\", \"<anonymous>\")\n                        if line:\n                            file = f\"{file}:{line}\"\n                        meth = frame.get(\"methodName\", \"<anonymous>\")\n                        if \"className\" in frame:\n                            meth = f\"{frame['className']}.{meth}\"\n                        msg = \"    at %s (%s)\"\n                        msg = msg % (meth, file)\n                        stacktrace.append(msg)\n                except TypeError:\n                    pass\n        if exception_class == UnexpectedAlertPresentException:\n            alert_text = None\n            if \"data\" in value:\n                alert_text = value[\"data\"].get(\"text\")\n            elif \"alert\" in value:\n                alert_text = value[\"alert\"].get(\"text\")\n            raise exception_class(message, screen, stacktrace, alert_text)  # type: ignore[call-arg]  # mypy is not smart enough here\n>       raise exception_class(message, screen, stacktrace)\nE       selenium.common.exceptions.ElementClickInterceptedException: Message: element click intercepted: Element <div _ngcontent-c34=\"\" class=\"long-view__title\">...</div> is not clickable at point (884, 143). Other element would receive the click: <div _ngcontent-c60=\"\" class=\"root -type-positive\" style=\"--ds-notification-backgroundColor: var(--ds-notification-positive-backgroundColor, var(--ds-notification-positive-backgroundColor-default));\">...</div>\nE         (Session info: chrome=142.0.7444.176); For documentation on this error, please visit: https://www.selenium.dev/documentation/webdriver/troubleshooting/errors#elementclickinterceptedexception\nE       Stacktrace:\nE       0   chromedriver                        0x0000000103146ecc cxxbridge1$str$ptr + 2941512\nE       1   chromedriver                        0x000000010313eb88 cxxbridge1$str$ptr + 2907908\nE       2   chromedriver                        0x0000000102c562b0 _RNvCsgXDX2mvAJAg_7___rustc35___rust_no_alloc_shim_is_unstable_v2 + 74020\nE       3   chromedriver                        0x0000000102ca33f0 _RNvCsgXDX2mvAJAg_7___rustc35___rust_no_alloc_shim_is_unstable_v2 + 389732\nE       4   chromedriver                        0x0000000102ca195c _RNvCsgXDX2mvAJAg_7___rustc35___rust_no_alloc_shim_is_unstable_v2 + 382928\nE       5   chromedriver                        0x0000000102c9f76c _RNvCsgXDX2mvAJAg_7___rustc35___rust_no_alloc_shim_is_unstable_v2 + 374240\nE       6   chromedriver                        0x0000000102c9eb64 _RNvCsgXDX2mvAJAg_7___rustc35___rust_no_alloc_shim_is_unstable_v2 + 371160\nE       7   chromedriver                        0x0000000102c93a78 _RNvCsgXDX2mvAJAg_7___rustc35___rust_no_alloc_shim_is_unstable_v2 + 325868\nE       8   chromedriver                        0x0000000102c93504 _RNvCsgXDX2mvAJAg_7___rustc35___rust_no_alloc_shim_is_unstable_v2 + 324472\nE       9   chromedriver                        0x0000000102cded54 _RNvCsgXDX2mvAJAg_7___rustc35___rust_no_alloc_shim_is_unstable_v2 + 633800\nE       10  chromedriver                        0x0000000102c91ef0 _RNvCsgXDX2mvAJAg_7___rustc35___rust_no_alloc_shim_is_unstable_v2 + 318820\nE       11  chromedriver                        0x000000010310a0c8 cxxbridge1$str$ptr + 2692164\nE       12  chromedriver                        0x000000010310d8dc cxxbridge1$str$ptr + 2706520\nE       13  chromedriver                        0x00000001030ea84c cxxbridge1$str$ptr + 2563016\nE       14  chromedriver                        0x000000010310e1b4 cxxbridge1$str$ptr + 2708784\nE       15  chromedriver                        0x00000001030dc0f4 cxxbridge1$str$ptr + 2503792\nE       16  chromedriver                        0x000000010312d498 cxxbridge1$str$ptr + 2836500\nE       17  chromedriver                        0x000000010312d61c cxxbridge1$str$ptr + 2836888\nE       18  chromedriver                        0x000000010313e7d8 cxxbridge1$str$ptr + 2906964\nE       19  libsystem_pthread.dylib             0x000000018c6faf94 _pthread_start + 136\nE       20  libsystem_pthread.dylib             0x000000018c6f5d34 thread_start + 8\n\n/Library/Frameworks/Python.framework/Versions/3.13/lib/python3.13/site-packages/selenium/webdriver/remote/errorhandler.py:233: ElementClickInterceptedException"}, "steps": [{"name": "Добавить событие", "status": "passed", "parameters": [{"name": "name", "value": "'72f6bc0d-cd0e-45ba-a13b-e20d4e073edc'"}], "start": 1764621734100, "stop": 1764621737410}, {"name": "Изменить название", "status": "passed", "parameters": [{"name": "old_name", "value": "'72f6bc0d-cd0e-45ba-a13b-e20d4e073edc'"}, {"name": "new_name", "value": "'0c68d1c9-a3cc-44f8-9781-75cbf1cb75e3'"}], "start": 1764621737411, "stop": 1764621737750}, {"name": "Открыть событие", "status": "broken", "statusDetails": {"message": "selenium.common.exceptions.ElementClickInterceptedException: Message: element click intercepted: Element <div _ngcontent-c34=\"\" class=\"long-view__title\">...</div> is not clickable at point (884, 143). Other element would receive the click: <div _ngcontent-c60=\"\" class=\"root -type-positive\" style=\"--ds-notification-backgroundColor: var(--ds-notification-positive-backgroundColor, var(--ds-notification-positive-backgroundColor-default));\">...</div>\n  (Session info: chrome=142.0.7444.176); For documentation on this error, please visit: https://www.selenium.dev/documentation/webdriver/troubleshooting/errors#elementclickinterceptedexception\nStacktrace:\n0   chromedriver                        0x0000000103146ecc cxxbridge1$str$ptr + 2941512\n1   chromedriver                        0x000000010313eb88 cxxbridge1$str$ptr + 2907908\n2   chromedriver                        0x0000000102c562b0 _RNvCsgXDX2mvAJAg_7___rustc35___rust_no_alloc_shim_is_unstable_v2 + 74020\n3   chromedriver                        0x0000000102ca33f0 _RNvCsgXDX2mvAJAg_7___rustc35___rust_no_alloc_shim_is_unstable_v2 + 389732\n4   chromedriver                        0x0000000102ca195c _RNvCsgXDX2mvAJAg_7___rustc35___rust_no_alloc_shim_is_unstable_v2 + 382928\n5   chromedriver                        0x0000000102c9f76c _RNvCsgXDX2mvAJAg_7___rustc35___rust_no_alloc_shim_is_unstable_v2 + 374240\n6   chromedriver                        0x0000000102c9eb64 _RNvCsgXDX2mvAJAg_7___rustc35___rust_no_alloc_shim_is_unstable_v2 + 371160\n7   chromedriver                        0x0000000102c93a78 _RNvCsgXDX2mvAJAg_7___rustc35___rust_no_alloc_shim_is_unstable_v2 + 325868\n8   chromedriver                        0x0000000102c93504 _RNvCsgXDX2mvAJAg_7___rustc35___rust_no_alloc_shim_is_unstable_v2 + 324472\n9   chromedriver                        0x0000000102cded54 _RNvCsgXDX2mvAJAg_7___rustc35___rust_no_alloc_shim_is_unstable_v2 + 633800\n10  chromedriver                        0x0000000102c91ef0 _RNvCsgXDX2mvAJAg_7___rustc35___rust_no_alloc_shim_is_unstable_v2 + 318820\n11  chromedriver                        0x000000010310a0c8 cxxbridge1$str$ptr + 2692164\n12  chromedriver                        0x000000010310d8dc cxxbridge1$str$ptr + 2706520\n13  chromedriver                        0x00000001030ea84c cxxbridge1$str$ptr + 2563016\n14  chromedriver                        0x000000010310e1b4 cxxbridge1$str$ptr + 2708784\n15  chromedriver                        0x00000001030dc0f4 cxxbridge1$str$ptr + 2503792\n16  chromedriver                        0x000000010312d498 cxxbridge1$str$ptr + 2836500\n17  chromedriver                        0x000000010312d61c cxxbridge1$str$ptr + 2836888\n18  chromedriver                        0x000000010313e7d8 cxxbridge1$str$ptr + 2906964\n19  libsystem_pthread.dylib             0x000000018c6faf94 _pthread_start + 136\n20  libsystem_pthread.dylib             0x000000018c6f5d34 thread_start + 8\n\n", "trace": "  File \"/Library/Frameworks/Python.framework/Versions/3.13/lib/python3.13/site-packages/allure_commons/_allure.py\", line 202, in impl\n    return func(*a, **kw)\n  File \"/Users/enje/SkyPro/final_project/page/SchedulePage.py\", line 34, in open_event\n    self.__driver.find_element(By.XPATH, f\"//*[contains(text(), '{name}')]\").click()\n    ~~~~~~~~~~~~~~~~~~~~~~~~~~~~~~~~~~~~~~~~~~~~~~~~~~~~~~~~~~~~~~~~~~~~~~~~~~~~~~^^\n  File \"/Library/Frameworks/Python.framework/Versions/3.13/lib/python3.13/site-packages/selenium/webdriver/remote/webelement.py\", line 119, in click\n    self._execute(Command.CLICK_ELEMENT)\n    ~~~~~~~~~~~~~^^^^^^^^^^^^^^^^^^^^^^^\n  File \"/Library/Frameworks/Python.framework/Versions/3.13/lib/python3.13/site-packages/selenium/webdriver/remote/webelement.py\", line 572, in _execute\n    return self._parent.execute(command, params)\n           ~~~~~~~~~~~~~~~~~~~~^^^^^^^^^^^^^^^^^\n  File \"/Library/Frameworks/Python.framework/Versions/3.13/lib/python3.13/site-packages/selenium/webdriver/remote/webdriver.py\", line 458, in execute\n    self.error_handler.check_response(response)\n    ~~~~~~~~~~~~~~~~~~~~~~~~~~~~~~~~~^^^^^^^^^^\n  File \"/Library/Frameworks/Python.framework/Versions/3.13/lib/python3.13/site-packages/selenium/webdriver/remote/errorhandler.py\", line 233, in check_response\n    raise exception_class(message, screen, stacktrace)\n"}, "parameters": [{"name": "name", "value": "'0c68d1c9-a3cc-44f8-9781-75cbf1cb75e3'"}], "start": 1764621737750, "stop": 1764621739376}], "start": 1764621728223, "stop": 1764621739385, "uuid": "e0069ee7-63d8-4909-aeec-70d935dc7c30", "historyId": "fdf76089dc65222d5c5a8abad014c6e6", "testCaseId": "fdf76089dc65222d5c5a8abad014c6e6", "fullName": "test.test_ui#test_update_event", "labels": [{"name": "parentSuite", "value": "test"}, {"name": "suite", "value": "test_ui"}, {"name": "host", "value": "MacBook-Air-Enze.local"}, {"name": "thread", "value": "65061-MainThread"}, {"name": "framework", "value": "pytest"}, {"name": "language", "value": "cpython3"}, {"name": "package", "value": "test.test_ui"}], "titlePath": ["test", "test_ui.py"]}