{"name": "test_add_event", "status": "failed", "statusDetails": {"message": "AssertionError: assert '' == '73b78deb-8c2...-9602a4864c0b'\n  \n  \u001b[0m\u001b[91m- 73b78deb-8c26-462e-9879-9602a4864c0b\u001b[39;49;00m\u001b[90m\u001b[39;49;00m", "trace": "browser = <selenium.webdriver.chrome.webdriver.WebDriver (session=\"e8b0faf9e0936de7e0b9cbf8c880b384\")>\n\n    def test_add_event(browser):\n    \n        event_name = str(uuid.uuid4())\n    \n        auth_page = AuthPage(browser)\n        auth_page.go()\n        auth_page.login()\n    \n        schedule_page = SchedulePage(browser)\n        schedule_page.go()\n        schedule_page.add_event(event_name)\n        created_event_name = schedule_page.open_event(event_name)\n    \n>       assert created_event_name == event_name\nE       AssertionError: assert '' == '73b78deb-8c2...-9602a4864c0b'\nE         \nE         \u001b[0m\u001b[91m- 73b78deb-8c26-462e-9879-9602a4864c0b\u001b[39;49;00m\u001b[90m\u001b[39;49;00m\n\ntest/test_ui.py:21: AssertionError"}, "steps": [{"name": "Добавить событие", "status": "passed", "parameters": [{"name": "name", "value": "'73b78deb-8c26-462e-9879-9602a4864c0b'"}], "start": 1764621182300, "stop": 1764621182664}, {"name": "Открыть событие", "status": "passed", "parameters": [{"name": "name", "value": "'73b78deb-8c26-462e-9879-9602a4864c0b'"}], "start": 1764621182664, "stop": 1764621183307}], "start": 1764621177606, "stop": 1764621183308, "uuid": "04024513-810b-47ac-bfaf-a87463dd4ac4", "historyId": "1fc30820d03048d751964d7ad0b6e70a", "testCaseId": "1fc30820d03048d751964d7ad0b6e70a", "fullName": "test.test_ui#test_add_event", "labels": [{"name": "parentSuite", "value": "test"}, {"name": "suite", "value": "test_ui"}, {"name": "host", "value": "MacBook-Air-Enze.local"}, {"name": "thread", "value": "63988-MainThread"}, {"name": "framework", "value": "pytest"}, {"name": "language", "value": "cpython3"}, {"name": "package", "value": "test.test_ui"}], "titlePath": ["test", "test_ui.py"]}