{"name": "test_add_event", "status": "failed", "statusDetails": {"message": "AssertionError: assert '' == 'a02bd883-51a...-4fbe9e6b3700'\n  \n  \u001b[0m\u001b[91m- a02bd883-51ad-4af1-965d-4fbe9e6b3700\u001b[39;49;00m\u001b[90m\u001b[39;49;00m", "trace": "browser = <selenium.webdriver.chrome.webdriver.WebDriver (session=\"7f8c42a5caf5082b5dc686cf8d13ee12\")>\n\n    def test_add_event(browser):\n    \n        event_name = str(uuid.uuid4())\n    \n        auth_page = AuthPage(browser)\n        auth_page.go()\n        auth_page.login()\n    \n        schedule_page = SchedulePage(browser)\n        schedule_page.go()\n        schedule_page.add_event(event_name)\n        created_event_name = schedule_page.open_event(event_name)\n    \n>       assert created_event_name == event_name\nE       AssertionError: assert '' == 'a02bd883-51a...-4fbe9e6b3700'\nE         \nE         \u001b[0m\u001b[91m- a02bd883-51ad-4af1-965d-4fbe9e6b3700\u001b[39;49;00m\u001b[90m\u001b[39;49;00m\n\ntest/test_ui.py:21: AssertionError"}, "steps": [{"name": "Добавить событие", "status": "passed", "parameters": [{"name": "name", "value": "'a02bd883-51ad-4af1-965d-4fbe9e6b3700'"}], "start": 1764621300873, "stop": 1764621303504}, {"name": "Открыть событие", "status": "passed", "parameters": [{"name": "name", "value": "'a02bd883-51ad-4af1-965d-4fbe9e6b3700'"}], "start": 1764621303504, "stop": 1764621303610}], "start": 1764621295528, "stop": 1764621303612, "uuid": "e5f2d2fd-4033-41a8-bcca-7c8d81660fe7", "historyId": "1fc30820d03048d751964d7ad0b6e70a", "testCaseId": "1fc30820d03048d751964d7ad0b6e70a", "fullName": "test.test_ui#test_add_event", "labels": [{"name": "parentSuite", "value": "test"}, {"name": "suite", "value": "test_ui"}, {"name": "host", "value": "MacBook-Air-Enze.local"}, {"name": "thread", "value": "64348-MainThread"}, {"name": "framework", "value": "pytest"}, {"name": "language", "value": "cpython3"}, {"name": "package", "value": "test.test_ui"}], "titlePath": ["test", "test_ui.py"]}