{"name": "test_add_event", "status": "failed", "statusDetails": {"message": "AssertionError: assert '' == '8b7b35c7-cf0...-8b2fbb49eeae'\n  \n  \u001b[0m\u001b[91m- 8b7b35c7-cf03-4fdc-977d-8b2fbb49eeae\u001b[39;49;00m\u001b[90m\u001b[39;49;00m", "trace": "browser = <selenium.webdriver.chrome.webdriver.WebDriver (session=\"a90c49000608ae99a7185cf3d943714c\")>\n\n    def test_add_event(browser):\n    \n        event_name = str(uuid.uuid4())\n    \n        auth_page = AuthPage(browser)\n        auth_page.go()\n        auth_page.login()\n    \n        schedule_page = SchedulePage(browser)\n        schedule_page.go()\n        schedule_page.add_event(event_name)\n        created_event_name = schedule_page.open_event(event_name)\n    \n>       assert created_event_name == event_name\nE       AssertionError: assert '' == '8b7b35c7-cf0...-8b2fbb49eeae'\nE         \nE         \u001b[0m\u001b[91m- 8b7b35c7-cf03-4fdc-977d-8b2fbb49eeae\u001b[39;49;00m\u001b[90m\u001b[39;49;00m\n\ntest/test_ui.py:21: AssertionError"}, "steps": [{"name": "Добавить событие", "status": "passed", "parameters": [{"name": "name", "value": "'8b7b35c7-cf03-4fdc-977d-8b2fbb49eeae'"}], "start": 1764620839713, "stop": 1764620840076}, {"name": "Открыть событие", "status": "passed", "parameters": [{"name": "name", "value": "'8b7b35c7-cf03-4fdc-977d-8b2fbb49eeae'"}], "start": 1764620840076, "stop": 1764620840841}], "start": 1764620834132, "stop": 1764620840842, "uuid": "b9e82c01-d48e-428e-8df7-44f7d6a25bc6", "historyId": "1fc30820d03048d751964d7ad0b6e70a", "testCaseId": "1fc30820d03048d751964d7ad0b6e70a", "fullName": "test.test_ui#test_add_event", "labels": [{"name": "parentSuite", "value": "test"}, {"name": "suite", "value": "test_ui"}, {"name": "host", "value": "MacBook-Air-Enze.local"}, {"name": "thread", "value": "63756-MainThread"}, {"name": "framework", "value": "pytest"}, {"name": "language", "value": "cpython3"}, {"name": "package", "value": "test.test_ui"}], "titlePath": ["test", "test_ui.py"]}