{"name": "test_add_event", "status": "broken", "statusDetails": {"message": "selenium.common.exceptions.NoSuchElementException: Message: no such element: Unable to locate element: {\"method\":\"xpath\",\"selector\":\"//*[contains(text(), 'Сохранить')]\"}\n  (Session info: chrome=142.0.7444.176); For documentation on this error, please visit: https://www.selenium.dev/documentation/webdriver/troubleshooting/errors#nosuchelementexception\nStacktrace:\n0   chromedriver                        0x0000000105532ecc cxxbridge1$str$ptr + 2941512\n1   chromedriver                        0x000000010552ab88 cxxbridge1$str$ptr + 2907908\n2   chromedriver                        0x00000001050422b0 _RNvCsgXDX2mvAJAg_7___rustc35___rust_no_alloc_shim_is_unstable_v2 + 74020\n3   chromedriver                        0x000000010508988c _RNvCsgXDX2mvAJAg_7___rustc35___rust_no_alloc_shim_is_unstable_v2 + 366336\n4   chromedriver                        0x00000001050cad54 _RNvCsgXDX2mvAJAg_7___rustc35___rust_no_alloc_shim_is_unstable_v2 + 633800\n5   chromedriver                        0x000000010507def0 _RNvCsgXDX2mvAJAg_7___rustc35___rust_no_alloc_shim_is_unstable_v2 + 318820\n6   chromedriver                        0x00000001054f60c8 cxxbridge1$str$ptr + 2692164\n7   chromedriver                        0x00000001054f98dc cxxbridge1$str$ptr + 2706520\n8   chromedriver                        0x00000001054d684c cxxbridge1$str$ptr + 2563016\n9   chromedriver                        0x00000001054fa1b4 cxxbridge1$str$ptr + 2708784\n10  chromedriver                        0x00000001054c80f4 cxxbridge1$str$ptr + 2503792\n11  chromedriver                        0x0000000105519498 cxxbridge1$str$ptr + 2836500\n12  chromedriver                        0x000000010551961c cxxbridge1$str$ptr + 2836888\n13  chromedriver                        0x000000010552a7d8 cxxbridge1$str$ptr + 2906964\n14  libsystem_pthread.dylib             0x000000018c6faf94 _pthread_start + 136\n15  libsystem_pthread.dylib             0x000000018c6f5d34 thread_start + 8", "trace": "browser = <selenium.webdriver.chrome.webdriver.WebDriver (session=\"2e342fee0571e3a9f86dcbe0fff580dc\")>\n\n    def test_add_event(browser):\n        auth_page = AuthPage(browser)\n        auth_page.go()\n        auth_page.login_as(\"test.tst320@skyeng.ru\", \"pr4VmfgHsi\")\n    \n        schedule_page = SchedulePage(browser)\n        schedule_page.go()\n>       schedule_page.open_add_event()\n\ntest/test_ui.py:13: \n_ _ _ _ _ _ _ _ _ _ _ _ _ _ _ _ _ _ _ _ _ _ _ _ _ _ _ _ _ _ _ _ _ _ _ _ _ _ _ _ _ _ _ _ _ _ _ _ _ _ _ _ _ _ _ _ _ _ _ _ _ _ _ _ _ _ _ _ _ _ _ _ _ _ _ _ _ _ _ _ _ _ _ _ _ _ _ _ _ _ _ _ _ _ _ _ _ _ _ _ _ _ _ _ _ \npage/SchedulePage.py:25: in open_add_event\n    self.__driver.find_element(By.XPATH, \"//*[contains(text(), 'Сохранить')]\").click()\n    ^^^^^^^^^^^^^^^^^^^^^^^^^^^^^^^^^^^^^^^^^^^^^^^^^^^^^^^^^^^^^^^^^^^^^^^^^^\n/Library/Frameworks/Python.framework/Versions/3.13/lib/python3.13/site-packages/selenium/webdriver/remote/webdriver.py:926: in find_element\n    return self.execute(Command.FIND_ELEMENT, {\"using\": by, \"value\": value})[\"value\"]\n           ^^^^^^^^^^^^^^^^^^^^^^^^^^^^^^^^^^^^^^^^^^^^^^^^^^^^^^^^^^^^^^^^^\n/Library/Frameworks/Python.framework/Versions/3.13/lib/python3.13/site-packages/selenium/webdriver/remote/webdriver.py:458: in execute\n    self.error_handler.check_response(response)\n_ _ _ _ _ _ _ _ _ _ _ _ _ _ _ _ _ _ _ _ _ _ _ _ _ _ _ _ _ _ _ _ _ _ _ _ _ _ _ _ _ _ _ _ _ _ _ _ _ _ _ _ _ _ _ _ _ _ _ _ _ _ _ _ _ _ _ _ _ _ _ _ _ _ _ _ _ _ _ _ _ _ _ _ _ _ _ _ _ _ _ _ _ _ _ _ _ _ _ _ _ _ _ _ _ \n\nself = <selenium.webdriver.remote.errorhandler.ErrorHandler object at 0x1035f8440>\nresponse = {'status': 404, 'value': '{\"value\":{\"error\":\"no such element\",\"message\":\"no such element: Unable to locate element: {\\...00018c6faf94 _pthread_start + 136\\\\n15  libsystem_pthread.dylib             0x000000018c6f5d34 thread_start + 8\\\\n\"}}'}\n\n    def check_response(self, response: dict[str, Any]) -> None:\n        \"\"\"Checks that a JSON response from the WebDriver does not have an\n        error.\n    \n        Args:\n            response: The JSON response from the WebDriver server as a dictionary\n                object.\n    \n        Raises:\n            WebDriverException: If the response contains an error message.\n        \"\"\"\n        status = response.get(\"status\", None)\n        if not status or status == ErrorCode.SUCCESS:\n            return\n        value = None\n        message = response.get(\"message\", \"\")\n        screen: str = response.get(\"screen\", \"\")\n        stacktrace = None\n        if isinstance(status, int):\n            value_json = response.get(\"value\", None)\n            if value_json and isinstance(value_json, str):\n                try:\n                    value = json.loads(value_json)\n                    if isinstance(value, dict):\n                        if len(value) == 1:\n                            value = value[\"value\"]\n                        status = value.get(\"error\", None)\n                        if not status:\n                            status = value.get(\"status\", ErrorCode.UNKNOWN_ERROR)\n                            message = value.get(\"value\") or value.get(\"message\")\n                            if not isinstance(message, str):\n                                value = message\n                                message = message.get(\"message\") if isinstance(message, dict) else None\n                        else:\n                            message = value.get(\"message\", None)\n                except ValueError:\n                    pass\n    \n        exception_class: type[WebDriverException]\n        e = ErrorCode()\n        error_codes = [item for item in dir(e) if not item.startswith(\"__\")]\n        for error_code in error_codes:\n            error_info = getattr(ErrorCode, error_code)\n            if isinstance(error_info, list) and status in error_info:\n                exception_class = getattr(ExceptionMapping, error_code, WebDriverException)\n                break\n        else:\n            exception_class = WebDriverException\n    \n        if not value:\n            value = response[\"value\"]\n        if isinstance(value, str):\n            raise exception_class(value)\n        if message == \"\" and \"message\" in value:\n            message = value[\"message\"]\n    \n        screen = None  # type: ignore[assignment]\n        if \"screen\" in value:\n            screen = value[\"screen\"]\n    \n        stacktrace = None\n        st_value = value.get(\"stackTrace\") or value.get(\"stacktrace\")\n        if st_value:\n            if isinstance(st_value, str):\n                stacktrace = st_value.split(\"\\n\")\n            else:\n                stacktrace = []\n                try:\n                    for frame in st_value:\n                        line = frame.get(\"lineNumber\", \"\")\n                        file = frame.get(\"fileName\", \"<anonymous>\")\n                        if line:\n                            file = f\"{file}:{line}\"\n                        meth = frame.get(\"methodName\", \"<anonymous>\")\n                        if \"className\" in frame:\n                            meth = f\"{frame['className']}.{meth}\"\n                        msg = \"    at %s (%s)\"\n                        msg = msg % (meth, file)\n                        stacktrace.append(msg)\n                except TypeError:\n                    pass\n        if exception_class == UnexpectedAlertPresentException:\n            alert_text = None\n            if \"data\" in value:\n                alert_text = value[\"data\"].get(\"text\")\n            elif \"alert\" in value:\n                alert_text = value[\"alert\"].get(\"text\")\n            raise exception_class(message, screen, stacktrace, alert_text)  # type: ignore[call-arg]  # mypy is not smart enough here\n>       raise exception_class(message, screen, stacktrace)\nE       selenium.common.exceptions.NoSuchElementException: Message: no such element: Unable to locate element: {\"method\":\"xpath\",\"selector\":\"//*[contains(text(), 'Сохранить')]\"}\nE         (Session info: chrome=142.0.7444.176); For documentation on this error, please visit: https://www.selenium.dev/documentation/webdriver/troubleshooting/errors#nosuchelementexception\nE       Stacktrace:\nE       0   chromedriver                        0x0000000105532ecc cxxbridge1$str$ptr + 2941512\nE       1   chromedriver                        0x000000010552ab88 cxxbridge1$str$ptr + 2907908\nE       2   chromedriver                        0x00000001050422b0 _RNvCsgXDX2mvAJAg_7___rustc35___rust_no_alloc_shim_is_unstable_v2 + 74020\nE       3   chromedriver                        0x000000010508988c _RNvCsgXDX2mvAJAg_7___rustc35___rust_no_alloc_shim_is_unstable_v2 + 366336\nE       4   chromedriver                        0x00000001050cad54 _RNvCsgXDX2mvAJAg_7___rustc35___rust_no_alloc_shim_is_unstable_v2 + 633800\nE       5   chromedriver                        0x000000010507def0 _RNvCsgXDX2mvAJAg_7___rustc35___rust_no_alloc_shim_is_unstable_v2 + 318820\nE       6   chromedriver                        0x00000001054f60c8 cxxbridge1$str$ptr + 2692164\nE       7   chromedriver                        0x00000001054f98dc cxxbridge1$str$ptr + 2706520\nE       8   chromedriver                        0x00000001054d684c cxxbridge1$str$ptr + 2563016\nE       9   chromedriver                        0x00000001054fa1b4 cxxbridge1$str$ptr + 2708784\nE       10  chromedriver                        0x00000001054c80f4 cxxbridge1$str$ptr + 2503792\nE       11  chromedriver                        0x0000000105519498 cxxbridge1$str$ptr + 2836500\nE       12  chromedriver                        0x000000010551961c cxxbridge1$str$ptr + 2836888\nE       13  chromedriver                        0x000000010552a7d8 cxxbridge1$str$ptr + 2906964\nE       14  libsystem_pthread.dylib             0x000000018c6faf94 _pthread_start + 136\nE       15  libsystem_pthread.dylib             0x000000018c6f5d34 thread_start + 8\n\n/Library/Frameworks/Python.framework/Versions/3.13/lib/python3.13/site-packages/selenium/webdriver/remote/errorhandler.py:233: NoSuchElementException"}, "steps": [{"name": "Открыть добавление события", "status": "broken", "statusDetails": {"message": "selenium.common.exceptions.NoSuchElementException: Message: no such element: Unable to locate element: {\"method\":\"xpath\",\"selector\":\"//*[contains(text(), 'Сохранить')]\"}\n  (Session info: chrome=142.0.7444.176); For documentation on this error, please visit: https://www.selenium.dev/documentation/webdriver/troubleshooting/errors#nosuchelementexception\nStacktrace:\n0   chromedriver                        0x0000000105532ecc cxxbridge1$str$ptr + 2941512\n1   chromedriver                        0x000000010552ab88 cxxbridge1$str$ptr + 2907908\n2   chromedriver                        0x00000001050422b0 _RNvCsgXDX2mvAJAg_7___rustc35___rust_no_alloc_shim_is_unstable_v2 + 74020\n3   chromedriver                        0x000000010508988c _RNvCsgXDX2mvAJAg_7___rustc35___rust_no_alloc_shim_is_unstable_v2 + 366336\n4   chromedriver                        0x00000001050cad54 _RNvCsgXDX2mvAJAg_7___rustc35___rust_no_alloc_shim_is_unstable_v2 + 633800\n5   chromedriver                        0x000000010507def0 _RNvCsgXDX2mvAJAg_7___rustc35___rust_no_alloc_shim_is_unstable_v2 + 318820\n6   chromedriver                        0x00000001054f60c8 cxxbridge1$str$ptr + 2692164\n7   chromedriver                        0x00000001054f98dc cxxbridge1$str$ptr + 2706520\n8   chromedriver                        0x00000001054d684c cxxbridge1$str$ptr + 2563016\n9   chromedriver                        0x00000001054fa1b4 cxxbridge1$str$ptr + 2708784\n10  chromedriver                        0x00000001054c80f4 cxxbridge1$str$ptr + 2503792\n11  chromedriver                        0x0000000105519498 cxxbridge1$str$ptr + 2836500\n12  chromedriver                        0x000000010551961c cxxbridge1$str$ptr + 2836888\n13  chromedriver                        0x000000010552a7d8 cxxbridge1$str$ptr + 2906964\n14  libsystem_pthread.dylib             0x000000018c6faf94 _pthread_start + 136\n15  libsystem_pthread.dylib             0x000000018c6f5d34 thread_start + 8\n\n", "trace": "  File \"/Library/Frameworks/Python.framework/Versions/3.13/lib/python3.13/site-packages/allure_commons/_allure.py\", line 202, in impl\n    return func(*a, **kw)\n  File \"/Users/enje/SkyPro/final_project/page/SchedulePage.py\", line 25, in open_add_event\n    self.__driver.find_element(By.XPATH, \"//*[contains(text(), 'Сохранить')]\").click()\n    ~~~~~~~~~~~~~~~~~~~~~~~~~~^^^^^^^^^^^^^^^^^^^^^^^^^^^^^^^^^^^^^^^^^^^^^^^^\n  File \"/Library/Frameworks/Python.framework/Versions/3.13/lib/python3.13/site-packages/selenium/webdriver/remote/webdriver.py\", line 926, in find_element\n    return self.execute(Command.FIND_ELEMENT, {\"using\": by, \"value\": value})[\"value\"]\n           ~~~~~~~~~~~~^^^^^^^^^^^^^^^^^^^^^^^^^^^^^^^^^^^^^^^^^^^^^^^^^^^^^\n  File \"/Library/Frameworks/Python.framework/Versions/3.13/lib/python3.13/site-packages/selenium/webdriver/remote/webdriver.py\", line 458, in execute\n    self.error_handler.check_response(response)\n    ~~~~~~~~~~~~~~~~~~~~~~~~~~~~~~~~~^^^^^^^^^^\n  File \"/Library/Frameworks/Python.framework/Versions/3.13/lib/python3.13/site-packages/selenium/webdriver/remote/errorhandler.py\", line 233, in check_response\n    raise exception_class(message, screen, stacktrace)\n"}, "start": 1764614353986, "stop": 1764614358800}], "start": 1764614348962, "stop": 1764614358807, "uuid": "67f88e32-1e67-4dd8-874e-ea618fa0e1bc", "historyId": "1fc30820d03048d751964d7ad0b6e70a", "testCaseId": "1fc30820d03048d751964d7ad0b6e70a", "fullName": "test.test_ui#test_add_event", "labels": [{"name": "parentSuite", "value": "test"}, {"name": "suite", "value": "test_ui"}, {"name": "host", "value": "MacBook-Air-Enze.local"}, {"name": "thread", "value": "59458-MainThread"}, {"name": "framework", "value": "pytest"}, {"name": "language", "value": "cpython3"}, {"name": "package", "value": "test.test_ui"}], "titlePath": ["test", "test_ui.py"]}