{"name": "test_add_event", "status": "failed", "statusDetails": {"message": "AssertionError: assert '' == '81e6bfe1-d00...-ff68c16d0be2'\n  \n  \u001b[0m\u001b[91m- 81e6bfe1-d000-43f2-b569-ff68c16d0be2\u001b[39;49;00m\u001b[90m\u001b[39;49;00m", "trace": "browser = <selenium.webdriver.chrome.webdriver.WebDriver (session=\"cc99a06b24bc7db6c75dc217bf8753ff\")>\n\n    def test_add_event(browser):\n    \n        event_name = str(uuid.uuid4())\n    \n        auth_page = AuthPage(browser)\n        auth_page.go()\n        auth_page.login()\n    \n        schedule_page = SchedulePage(browser)\n        schedule_page.go()\n        schedule_page.add_event(event_name)\n        created_event_name = schedule_page.open_event(event_name)\n    \n        sleep(4)\n    \n>       assert created_event_name == event_name\nE       AssertionError: assert '' == '81e6bfe1-d00...-ff68c16d0be2'\nE         \nE         \u001b[0m\u001b[91m- 81e6bfe1-d000-43f2-b569-ff68c16d0be2\u001b[39;49;00m\u001b[90m\u001b[39;49;00m\n\ntest/test_ui.py:23: AssertionError"}, "steps": [{"name": "Добавить событие", "status": "passed", "parameters": [{"name": "name", "value": "'81e6bfe1-d000-43f2-b569-ff68c16d0be2'"}], "start": 1764622120987, "stop": 1764622124341}, {"name": "Открыть событие", "status": "passed", "parameters": [{"name": "name", "value": "'81e6bfe1-d000-43f2-b569-ff68c16d0be2'"}], "start": 1764622124342, "stop": 1764622124461}], "start": 1764622115223, "stop": 1764622128473, "uuid": "1d073b65-096c-408f-8978-09d93753b2ca", "historyId": "1fc30820d03048d751964d7ad0b6e70a", "testCaseId": "1fc30820d03048d751964d7ad0b6e70a", "fullName": "test.test_ui#test_add_event", "labels": [{"name": "parentSuite", "value": "test"}, {"name": "suite", "value": "test_ui"}, {"name": "host", "value": "MacBook-Air-Enze.local"}, {"name": "thread", "value": "65916-MainThread"}, {"name": "framework", "value": "pytest"}, {"name": "language", "value": "cpython3"}, {"name": "package", "value": "test.test_ui"}], "titlePath": ["test", "test_ui.py"]}