{"name": "test_add_event", "status": "failed", "statusDetails": {"message": "AssertionError: assert '' == '3aa2ed5d-a5a...-8b402f024e93'\n  \n  \u001b[0m\u001b[91m- 3aa2ed5d-a5a1-4b30-88cd-8b402f024e93\u001b[39;49;00m\u001b[90m\u001b[39;49;00m", "trace": "browser = <selenium.webdriver.chrome.webdriver.WebDriver (session=\"99cdde4aeb958c0bbaafbaad58626f90\")>\n\n    def test_add_event(browser):\n    \n        event_name = str(uuid.uuid4())\n    \n        auth_page = AuthPage(browser)\n        auth_page.go()\n        auth_page.login()\n    \n        schedule_page = SchedulePage(browser)\n        schedule_page.go()\n        schedule_page.add_event(event_name)\n        created_event_name = schedule_page.open_event(event_name)\n    \n>       assert created_event_name == event_name\nE       AssertionError: assert '' == '3aa2ed5d-a5a...-8b402f024e93'\nE         \nE         \u001b[0m\u001b[91m- 3aa2ed5d-a5a1-4b30-88cd-8b402f024e93\u001b[39;49;00m\u001b[90m\u001b[39;49;00m\n\ntest/test_ui.py:21: AssertionError"}, "steps": [{"name": "Добавить событие", "status": "passed", "parameters": [{"name": "name", "value": "'3aa2ed5d-a5a1-4b30-88cd-8b402f024e93'"}], "start": 1764621897087, "stop": 1764621900989}, {"name": "Открыть событие", "status": "passed", "parameters": [{"name": "name", "value": "'3aa2ed5d-a5a1-4b30-88cd-8b402f024e93'"}], "start": 1764621900990, "stop": 1764621901115}], "start": 1764621892802, "stop": 1764621901116, "uuid": "18853909-a5c0-4150-9418-03639433ddb2", "historyId": "1fc30820d03048d751964d7ad0b6e70a", "testCaseId": "1fc30820d03048d751964d7ad0b6e70a", "fullName": "test.test_ui#test_add_event", "labels": [{"name": "parentSuite", "value": "test"}, {"name": "suite", "value": "test_ui"}, {"name": "host", "value": "MacBook-Air-Enze.local"}, {"name": "thread", "value": "65376-MainThread"}, {"name": "framework", "value": "pytest"}, {"name": "language", "value": "cpython3"}, {"name": "package", "value": "test.test_ui"}], "titlePath": ["test", "test_ui.py"]}